#
# There is insufficient memory for the Java Runtime Environment to continue.
# Native memory allocation (mmap) failed to map 268435456 bytes for Failed to commit area from 0x0000000700000000 to 0x0000000710000000 of length 268435456.
# Possible reasons:
#   The system is out of physical RAM or swap space
#   The process is running with CompressedOops enabled, and the Java Heap may be blocking the growth of the native heap
# Possible solutions:
#   Reduce memory load on the system
#   Increase physical memory or swap space
#   Check if swap backing store is full
#   Decrease Java heap size (-Xmx/-Xms)
#   Decrease number of Java threads
#   Decrease Java thread stack sizes (-Xss)
#   Set larger code cache with -XX:ReservedCodeCacheSize=
# This output file may be truncated or incomplete.
#
#  Out of Memory Error (c:/BuildAgent/work/5ff2f6c26000d570/src/hotspot/os/windows/os_windows.cpp:3281), pid=21556, tid=30056
#
# JRE version:  (11.0.4+10) (build )
# Java VM: OpenJDK 64-Bit Server VM (11.0.4+10-b304.77, mixed mode, aot, sharing, tiered, compressed oops, g1 gc, windows-amd64)
# No core dump will be written. Minidumps are not enabled by default on client versions of Windows
#

---------------  S U M M A R Y ------------

Command Line: org.jetbrains.git4idea.http.GitAskPassApp Username for 'https://github.com': 

Host: Intel(R) Xeon(R) CPU E5-2650 v4 @ 2.20GHz, 8 cores, 15G,  Windows 10 , 64 bit Build 18362 (10.0.18362.329)
Time: Thu Nov 14 16:33:25 2019 ?rodkowoeuropejski czas stand. elapsed time: 0 seconds (0d 0h 0m 0s)

---------------  T H R E A D  ---------------

Current thread (0x00000298e79a6800):  JavaThread "Unknown thread" [_thread_in_vm, id=30056, stack(0x000000afc3c00000,0x000000afc3d00000)]

Stack: [0x000000afc3c00000,0x000000afc3d00000]
Native frames: (J=compiled Java code, j=interpreted, Vv=VM code, C=native code)
V  [jvm.dll+0x5db31a]
V  [jvm.dll+0x70c395]
V  [jvm.dll+0x70d8b8]
V  [jvm.dll+0x70df83]
V  [jvm.dll+0x23dbb8]
V  [jvm.dll+0x5d8a74]
V  [jvm.dll+0x5cdb05]
V  [jvm.dll+0x2fa5bb]
V  [jvm.dll+0x2fa52a]
V  [jvm.dll+0x2fa402]
V  [jvm.dll+0x2ff2c6]
V  [jvm.dll+0x347893]
V  [jvm.dll+0x347f96]
V  [jvm.dll+0x347993]
V  [jvm.dll+0x2d4e28]
V  [jvm.dll+0x2d5fd7]
V  [jvm.dll+0x6eb717]
V  [jvm.dll+0x6ecf0c]
V  [jvm.dll+0x354fb9]
V  [jvm.dll+0x6d35be]
V  [jvm.dll+0x3bd673]
V  [jvm.dll+0x3bf9f1]
C  [java.exe+0x3763]
C  [java.exe+0x17a0c]
C  [KERNEL32.DLL+0x17bd4]
C  [ntdll.dll+0x6ced1]


---------------  P R O C E S S  ---------------

Threads class SMR info:
_java_thread_list=0x00000298e58699a0, length=0, elements={
}

Java Threads: ( => current thread )

Other Threads:
  0x00000298e79bd000 GCTaskThread "GC Thread#0" [stack: 0x000000afc3d00000,0x000000afc3e00000] [id=38332]
  0x00000298e7a1d000 ConcurrentGCThread "G1 Main Marker" [stack: 0x000000afc3e00000,0x000000afc3f00000] [id=37368]
  0x00000298e7a1e800 ConcurrentGCThread "G1 Conc#0" [stack: 0x000000afc3f00000,0x000000afc4000000] [id=8092]

[error occurred during error reporting (printing all threads), id 0xc0000005, EXCEPTION_ACCESS_VIOLATION (0xc0000005) at pc=0x00007ffe803e5727]

VM state:not at safepoint (not fully initialized)

VM Mutex/Monitor currently owned by a thread:  ([mutex/lock_event])
[0x00000298e79a3520] Heap_lock - owner thread: 0x00000298e79a6800

Heap address: 0x0000000700000000, size: 4096 MB, Compressed Oops mode: Non-zero based: 0x0000000700000000
Narrow klass base: 0x0000000000000000, Narrow klass shift: 0

GC Heap History (0 events):
No events

Deoptimization events (0 events):
No events

Classes redefined (0 events):
No events

Internal exceptions (0 events):
No events

Events (0 events):
No events


Dynamic libraries:
0x00007ff744590000 - 0x00007ff7445d7000 	C:\Program Files\JetBrains\PyCharm Community Edition 2019.2.3\jbr\bin\java.exe
0x00007ffea2aa0000 - 0x00007ffea2c90000 	C:\WINDOWS\SYSTEM32\ntdll.dll
0x00007ffea10d0000 - 0x00007ffea1182000 	C:\WINDOWS\System32\KERNEL32.DLL
0x00007ffea0260000 - 0x00007ffea0503000 	C:\WINDOWS\System32\KERNELBASE.dll
0x00007ffea0e30000 - 0x00007ffea0fc4000 	C:\WINDOWS\System32\USER32.dll
0x00007ffea05c0000 - 0x00007ffea05e1000 	C:\WINDOWS\System32\win32u.dll
0x00007ffea13b0000 - 0x00007ffea13d6000 	C:\WINDOWS\System32\GDI32.dll
0x00007ffea08c0000 - 0x00007ffea0a54000 	C:\WINDOWS\System32\gdi32full.dll
0x00007ffea0ab0000 - 0x00007ffea0b4e000 	C:\WINDOWS\System32\msvcp_win.dll
0x00007ffea05f0000 - 0x00007ffea06ea000 	C:\WINDOWS\System32\ucrtbase.dll
0x00007ffe8a9b0000 - 0x00007ffe8ac35000 	C:\WINDOWS\WinSxS\amd64_microsoft.windows.common-controls_6595b64144ccf1df_6.0.18362.418_none_e6c6b287130d565d\COMCTL32.dll
0x00007ffea0b50000 - 0x00007ffea0bee000 	C:\WINDOWS\System32\msvcrt.dll
0x00007ffea1d10000 - 0x00007ffea2046000 	C:\WINDOWS\System32\combase.dll
0x00007ffea2050000 - 0x00007ffea2170000 	C:\WINDOWS\System32\RPCRT4.dll
0x00007ffea06f0000 - 0x00007ffea0770000 	C:\WINDOWS\System32\bcryptPrimitives.dll
0x00007ffea16d0000 - 0x00007ffea16fe000 	C:\WINDOWS\System32\IMM32.DLL
0x00007ffe97130000 - 0x00007ffe97147000 	C:\Program Files\JetBrains\PyCharm Community Edition 2019.2.3\jbr\bin\vcruntime140.dll
0x00007ffe8b9d0000 - 0x00007ffe8ba6d000 	C:\Program Files\JetBrains\PyCharm Community Edition 2019.2.3\jbr\bin\msvcp140.dll
0x00007ffe80100000 - 0x00007ffe80bb8000 	C:\Program Files\JetBrains\PyCharm Community Edition 2019.2.3\jbr\bin\server\jvm.dll
0x00007ffea1700000 - 0x00007ffea17a3000 	C:\WINDOWS\System32\ADVAPI32.dll
0x00007ffea0fd0000 - 0x00007ffea1067000 	C:\WINDOWS\System32\sechost.dll
0x00007ffea1880000 - 0x00007ffea1888000 	C:\WINDOWS\System32\PSAPI.DLL
0x00007ffe95e50000 - 0x00007ffe95e59000 	C:\WINDOWS\SYSTEM32\WSOCK32.dll
0x00007ffe9a1f0000 - 0x00007ffe9a1fa000 	C:\WINDOWS\SYSTEM32\VERSION.dll
0x00007ffea1810000 - 0x00007ffea187f000 	C:\WINDOWS\System32\WS2_32.dll
0x00007ffe95a30000 - 0x00007ffe95a54000 	C:\WINDOWS\SYSTEM32\WINMM.dll
0x00007ffe92200000 - 0x00007ffe9222d000 	C:\WINDOWS\SYSTEM32\winmmbase.dll
0x00007ffea0a60000 - 0x00007ffea0aaa000 	C:\WINDOWS\System32\cfgmgr32.dll
0x00007ffe9f9d0000 - 0x00007ffe9f9e1000 	C:\WINDOWS\System32\kernel.appcore.dll
0x00007ffe92e10000 - 0x00007ffe92e21000 	C:\Program Files\JetBrains\PyCharm Community Edition 2019.2.3\jbr\bin\verify.dll
0x00007ffe99ee0000 - 0x00007ffe9a0d4000 	C:\WINDOWS\SYSTEM32\DBGHELP.DLL
0x00007ffe99e30000 - 0x00007ffe99e5a000 	C:\WINDOWS\SYSTEM32\dbgcore.DLL
0x00007ffe92c20000 - 0x00007ffe92c49000 	C:\Program Files\JetBrains\PyCharm Community Edition 2019.2.3\jbr\bin\java.dll
0x00007ffe92c90000 - 0x00007ffe92ca7000 	C:\Program Files\JetBrains\PyCharm Community Edition 2019.2.3\jbr\bin\zip.dll
0x00007ffe95d40000 - 0x00007ffe95d4b000 	C:\Program Files\JetBrains\PyCharm Community Edition 2019.2.3\jbr\bin\jimage.dll

dbghelp: loaded successfully - version: 4.0.5 - missing functions: none
symbol engine: initialized successfully - sym options: 0x614 - pdb path: .;C:\Program Files\JetBrains\PyCharm Community Edition 2019.2.3\jbr\bin;C:\WINDOWS\SYSTEM32;C:\WINDOWS\WinSxS\amd64_microsoft.windows.common-controls_6595b64144ccf1df_6.0.18362.418_none_e6c6b287130d565d;C:\Program Files\JetBrains\PyCharm Community Edition 2019.2.3\jbr\bin\server

VM Arguments:
java_command: org.jetbrains.git4idea.http.GitAskPassApp Username for 'https://github.com': 
java_class_path (initial): C:/Program Files/JetBrains/PyCharm Community Edition 2019.2.3/plugins/git4idea/lib/git4idea-rt.jar;C:/Program Files/JetBrains/PyCharm Community Edition 2019.2.3/lib/xmlrpc-2.0.1.jar;C:/Program Files/JetBrains/PyCharm Community Edition 2019.2.3/lib/commons-codec-1.13.jar;C:/Program Files/JetBrains/PyCharm Community Edition 2019.2.3/lib/util.jar
Launcher Type: SUN_STANDARD

[Global flags]
     intx CICompilerCount                          = 4                                         {product} {ergonomic}
     uint ConcGCThreads                            = 2                                         {product} {ergonomic}
     uint G1ConcRefinementThreads                  = 8                                         {product} {ergonomic}
   size_t G1HeapRegionSize                         = 1048576                                   {product} {ergonomic}
    uintx GCDrainStackTargetSize                   = 64                                        {product} {ergonomic}
   size_t InitialHeapSize                          = 268435456                                 {product} {ergonomic}
   size_t MarkStackSize                            = 4194304                                   {product} {ergonomic}
   size_t MaxHeapSize                              = 4294967296                                {product} {ergonomic}
   size_t MinHeapDeltaBytes                        = 1048576                                   {product} {ergonomic}
    uintx NonNMethodCodeHeapSize                   = 5835340                                {pd product} {ergonomic}
    uintx NonProfiledCodeHeapSize                  = 122911450                              {pd product} {ergonomic}
    uintx ProfiledCodeHeapSize                     = 122911450                              {pd product} {ergonomic}
    uintx ReservedCodeCacheSize                    = 251658240                              {pd product} {ergonomic}
     bool SegmentedCodeCache                       = true                                      {product} {ergonomic}
     bool UseCompressedClassPointers               = true                                 {lp64_product} {ergonomic}
     bool UseCompressedOops                        = true                                 {lp64_product} {ergonomic}
     bool UseG1GC                                  = true                                      {product} {ergonomic}
     bool UseLargePagesIndividualAllocation        = false                                  {pd product} {ergonomic}

Logging:
Log output configuration:
 #0: stdout all=warning uptime,level,tags
 #1: stderr all=off uptime,level,tags

Environment Variables:
JAVA_HOME=C:\Program Files\Java\jdk1.8.0_221\jre
CLASSPATH="C:\Program Files\Java\jdk1.8.0_221\jre"
PATH=C:\Development\Git\mingw64\libexec\git-core;C:\Development\Git\mingw64\libexec\git-core;C:\Development\Git\mingw64\bin;C:\Development\Git\usr\bin;C:\Users\LeszekG\bin;C:\Program Files (x86)\Java\jre1.8.0_221\bin;C:\Program Files (x86)\Common Files\Oracle\Java\javapath;C:\ProgramData\Oracle\Java\javapath;C:\Development\maven\bin;C:\Program Files\Java\jdk1.8.0_221\jre\bin;C:\WINDOWS\system32;C:\WINDOWS;C:\WINDOWS\System32\Wbem;C:\WINDOWS\System32\WindowsPowerShell\v1.0;C:\Program Files (x86)\GnuWin32\bin;C:\usr\bin;C:\Program Files\TortoiseSVN\bin;C:\Development\Git\cmd;C:\Program Files (x86)\Groovy\Groovy-2.4.11\bin;C:\WINDOWS\System32\OpenSSH;C:\Development\yarn\bin;C:\Development\nodejs;C:\Program Files\TortoiseGit\bin;C:\Development\android\platform-tools;C:\Python\Python38-32\Scripts;C:\Python\Python38-32;C:\Development\curl;C:\Users\LeszekG\AppData\Local\GitHubDesktop\bin;C:\Users\LeszekG\AppData\Local\Microsoft\WindowsApps;C:\Users\LeszekG\AppData\Roaming\npm;C:\Program Files\JetBrains\PyCharm Community Edition 2019.2.3\bin
USERNAME=LeszekG
DISPLAY=:0.0
OS=Windows_NT
PROCESSOR_IDENTIFIER=Intel64 Family 6 Model 79 Stepping 1, GenuineIntel



---------------  S Y S T E M  ---------------

OS: Windows 10 , 64 bit Build 18362 (10.0.18362.329)

CPU:total 8 (initial active 8) (8 cores per cpu, 1 threads per core) family 6 model 79 stepping 1, cmov, cx8, fxsr, mmx, sse, sse2, sse3, ssse3, sse4.1, sse4.2, popcnt, avx, aes, clmul, erms, 3dnowpref, tsc, tscinvbit, fma

Memory: 4k page, system-wide physical 16383M (4525M free)
TotalPageFile size 21351M (AvailPageFile size 183M)
current process WorkingSet (physical memory assigned to process): 10M, peak: 10M
current process commit charge ("private bytes"): 60M, peak: 316M

vm_info: OpenJDK 64-Bit Server VM (11.0.4+10-b304.77) for windows-amd64 JRE (11.0.4+10-b304.77), built on Oct 10 2019 15:02:36 by "" with MS VC++ 14.0 (VS2015)

END.
